# JRE version: Java(TM) SE Runtime Environment (19.0.2+7) (build 19.0.2+7-44)
# Java VM: Java HotSpot(TM) 64-Bit Server VM (19.0.2+7-44, mixed mode, sharing, tiered, compressed oops, compressed class ptrs, g1 gc, windows-amd64)
GC Precious Log:
 CardTable entry size: 512
 Card Set container configuration: InlinePtr #cards 4 size 8 Array Of Cards #cards 16 size 48 Howl #buckets 8 coarsen threshold 3686 Howl Bitmap #cards 512 size 80 coarsen threshold 460 Card regions per heap region 1 cards per card region 4096
 CPUs: 8 total, 8 available
 Memory: 16312M
 Large Page Support: Disabled
 NUMA Support: Disabled
 Compressed Oops: Enabled (Zero based)
 Heap Region Size: 2M
 Heap Min Capacity: 8M
 Heap Initial Capacity: 256M
 Heap Max Capacity: 4080M
 Pre-touch: Disabled
 Parallel Workers: 8
 Concurrent Workers: 2
 Concurrent Refinement Workers: 8
 Periodic GC: Disabled
Heap:
 garbage-first heap   total 102400K, used 59966K [0x0000000701000000, 0x0000000800000000)
  region size 2048K, 19 young (38912K), 1 survivors (2048K)
 Metaspace       used 61688K, committed 62272K, reserved 1114112K
  class space    used 7656K, committed 7936K, reserved 1048576K
GC Heap History (20 events):
Event: 741.055 GC heap before
{Heap before GC invocations=25 (full 0):
 garbage-first heap   total 102400K, used 84503K [0x0000000701000000, 0x0000000800000000)
  region size 2048K, 30 young (61440K), 1 survivors (2048K)
 Metaspace       used 61655K, committed 62272K, reserved 1114112K
  class space    used 7653K, committed 7936K, reserved 1048576K
}
Event: 741.057 GC heap after
{Heap after GC invocations=26 (full 0):
 garbage-first heap   total 102400K, used 25133K [0x0000000701000000, 0x0000000800000000)
  region size 2048K, 1 young (2048K), 1 survivors (2048K)
 Metaspace       used 61655K, committed 62272K, reserved 1114112K
  class space    used 7653K, committed 7936K, reserved 1048576K
}
Event: 743.897 GC heap before
{Heap before GC invocations=26 (full 0):
 garbage-first heap   total 102400K, used 84525K [0x0000000701000000, 0x0000000800000000)
  region size 2048K, 30 young (61440K), 1 survivors (2048K)
 Metaspace       used 61657K, committed 62272K, reserved 1114112K
  class space    used 7653K, committed 7936K, reserved 1048576K
}
Event: 743.899 GC heap after
{Heap after GC invocations=27 (full 0):
 garbage-first heap   total 102400K, used 25132K [0x0000000701000000, 0x0000000800000000)
  region size 2048K, 1 young (2048K), 1 survivors (2048K)
 Metaspace       used 61657K, committed 62272K, reserved 1114112K
  class space    used 7653K, committed 7936K, reserved 1048576K
}
Event: 746.812 GC heap before
{Heap before GC invocations=27 (full 0):
 garbage-first heap   total 102400K, used 84524K [0x0000000701000000, 0x0000000800000000)
  region size 2048K, 30 young (61440K), 1 survivors (2048K)
 Metaspace       used 61665K, committed 62272K, reserved 1114112K
  class space    used 7653K, committed 7936K, reserved 1048576K
}
Event: 746.814 GC heap after
{Heap after GC invocations=28 (full 0):
 garbage-first heap   total 102400K, used 25131K [0x0000000701000000, 0x0000000800000000)
  region size 2048K, 1 young (2048K), 1 survivors (2048K)
 Metaspace       used 61665K, committed 62272K, reserved 1114112K
  class space    used 7653K, committed 7936K, reserved 1048576K
}
Event: 749.434 GC heap before
{Heap before GC invocations=28 (full 0):
 garbage-first heap   total 102400K, used 84523K [0x0000000701000000, 0x0000000800000000)
  region size 2048K, 30 young (61440K), 1 survivors (2048K)
 Metaspace       used 61673K, committed 62272K, reserved 1114112K
  class space    used 7653K, committed 7936K, reserved 1048576K
}
Event: 749.435 GC heap after
{Heap after GC invocations=29 (full 0):
 garbage-first heap   total 102400K, used 25128K [0x0000000701000000, 0x0000000800000000)
  region size 2048K, 1 young (2048K), 1 survivors (2048K)
 Metaspace       used 61673K, committed 62272K, reserved 1114112K
  class space    used 7653K, committed 7936K, reserved 1048576K
}
Event: 752.109 GC heap before
{Heap before GC invocations=29 (full 0):
 garbage-first heap   total 102400K, used 84520K [0x0000000701000000, 0x0000000800000000)
  region size 2048K, 30 young (61440K), 1 survivors (2048K)
 Metaspace       used 61673K, committed 62272K, reserved 1114112K
  class space    used 7653K, committed 7936K, reserved 1048576K
}
Event: 752.111 GC heap after
{Heap after GC invocations=30 (full 0):
 garbage-first heap   total 102400K, used 25148K [0x0000000701000000, 0x0000000800000000)
  region size 2048K, 1 young (2048K), 1 survivors (2048K)
 Metaspace       used 61673K, committed 62272K, reserved 1114112K
  class space    used 7653K, committed 7936K, reserved 1048576K
}
Event: 754.788 GC heap before
{Heap before GC invocations=30 (full 0):
 garbage-first heap   total 102400K, used 84540K [0x0000000701000000, 0x0000000800000000)
  region size 2048K, 30 young (61440K), 1 survivors (2048K)
 Metaspace       used 61675K, committed 62272K, reserved 1114112K
  class space    used 7653K, committed 7936K, reserved 1048576K
}
Event: 754.789 GC heap after
{Heap after GC invocations=31 (full 0):
 garbage-first heap   total 102400K, used 25135K [0x0000000701000000, 0x0000000800000000)
  region size 2048K, 1 young (2048K), 1 survivors (2048K)
 Metaspace       used 61675K, committed 62272K, reserved 1114112K
  class space    used 7653K, committed 7936K, reserved 1048576K
}
Event: 758.440 GC heap before
{Heap before GC invocations=31 (full 0):
 garbage-first heap   total 102400K, used 84527K [0x0000000701000000, 0x0000000800000000)
  region size 2048K, 30 young (61440K), 1 survivors (2048K)
 Metaspace       used 61675K, committed 62272K, reserved 1114112K
  class space    used 7653K, committed 7936K, reserved 1048576K
}
Event: 758.441 GC heap after
{Heap after GC invocations=32 (full 0):
 garbage-first heap   total 102400K, used 25149K [0x0000000701000000, 0x0000000800000000)
  region size 2048K, 1 young (2048K), 1 survivors (2048K)
 Metaspace       used 61675K, committed 62272K, reserved 1114112K
  class space    used 7653K, committed 7936K, reserved 1048576K
}
Event: 761.887 GC heap before
{Heap before GC invocations=32 (full 0):
 garbage-first heap   total 102400K, used 84541K [0x0000000701000000, 0x0000000800000000)
  region size 2048K, 30 young (61440K), 1 survivors (2048K)
 Metaspace       used 61675K, committed 62272K, reserved 1114112K
  class space    used 7653K, committed 7936K, reserved 1048576K
}
Event: 761.888 GC heap after
{Heap after GC invocations=33 (full 0):
 garbage-first heap   total 102400K, used 25144K [0x0000000701000000, 0x0000000800000000)
  region size 2048K, 1 young (2048K), 1 survivors (2048K)
 Metaspace       used 61675K, committed 62272K, reserved 1114112K
  class space    used 7653K, committed 7936K, reserved 1048576K
}
Event: 765.488 GC heap before
{Heap before GC invocations=33 (full 0):
 garbage-first heap   total 102400K, used 84536K [0x0000000701000000, 0x0000000800000000)
  region size 2048K, 30 young (61440K), 1 survivors (2048K)
 Metaspace       used 61683K, committed 62272K, reserved 1114112K
  class space    used 7655K, committed 7936K, reserved 1048576K
}
Event: 765.489 GC heap after
{Heap after GC invocations=34 (full 0):
 garbage-first heap   total 102400K, used 25164K [0x0000000701000000, 0x0000000800000000)
  region size 2048K, 1 young (2048K), 1 survivors (2048K)
 Metaspace       used 61683K, committed 62272K, reserved 1114112K
  class space    used 7655K, committed 7936K, reserved 1048576K
}
Event: 768.628 GC heap before
{Heap before GC invocations=34 (full 0):
 garbage-first heap   total 102400K, used 84556K [0x0000000701000000, 0x0000000800000000)
  region size 2048K, 30 young (61440K), 1 survivors (2048K)
 Metaspace       used 61687K, committed 62272K, reserved 1114112K
  class space    used 7655K, committed 7936K, reserved 1048576K
}
Event: 768.628 GC heap after
{Heap after GC invocations=35 (full 0):
 garbage-first heap   total 102400K, used 25150K [0x0000000701000000, 0x0000000800000000)
  region size 2048K, 1 young (2048K), 1 survivors (2048K)
 Metaspace       used 61687K, committed 62272K, reserved 1114112K
  class space    used 7655K, committed 7936K, reserved 1048576K
}

